<?xml version="1.0" encoding="UTF-8"?>
<!-- Generated by org.testng.reporters.JUnitReportReporter -->
<testsuite skipped="0" hostname="DESKTOP-AOR3ST8" name="com.walmart.qa.test.SearchPageTest" tests="3" failures="0" timestamp="11 Dec 2018 21:27:59 GMT" time="32.164" errors="0">
  <testcase name="imageTest" time="9.433" classname="com.walmart.qa.test.SearchPageTest"/>
  <testcase name="logoTest" time="9.201" classname="com.walmart.qa.test.SearchPageTest"/>
  <testcase name="searchfieldTest" time="13.530" classname="com.walmart.qa.test.SearchPageTest"/>
</testsuite> <!-- com.walmart.qa.test.SearchPageTest -->
