<?xml version="1.0" encoding="UTF-8"?>
<!-- Generated by org.testng.reporters.JUnitReportReporter -->
<testsuite skipped="0" hostname="DESKTOP-AOR3ST8" name="com.walmart.qa.test.SearchPageTest" tests="3" failures="0" timestamp="12 Dec 2018 00:19:13 GMT" time="58.221" errors="0">
  <testcase name="imageTest" time="23.108" classname="com.walmart.qa.test.SearchPageTest"/>
  <testcase name="logoTest" time="12.541" classname="com.walmart.qa.test.SearchPageTest"/>
  <testcase name="searchfieldTest" time="22.572" classname="com.walmart.qa.test.SearchPageTest"/>
</testsuite> <!-- com.walmart.qa.test.SearchPageTest -->
